<?xml version="1.0" encoding="UTF-8"?>
<testng-results ignored="0" total="1" passed="1" failed="0" skipped="0">
  <reporter-output>
  </reporter-output>
  <suite started-at="2022-08-27T17:15:19Z" name="Suite" finished-at="2022-08-27T17:15:25Z" duration-ms="5981">
    <groups>
      <group name="cucumber">
        <method signature="AbstractTestNGCucumberTests.runScenario(io.cucumber.testng.PickleWrapper, io.cucumber.testng.FeatureWrapper)[pri:0, instance:com.qa.guru99.runner.Runner@6bbe85a8]" name="runScenario" class="io.cucumber.testng.AbstractTestNGCucumberTests"/>
      </group> <!-- cucumber -->
    </groups>
    <test started-at="2022-08-27T17:15:19Z" name="Test" finished-at="2022-08-27T17:15:25Z" duration-ms="5981">
      <class name="com.qa.guru99.runner.Runner">
        <test-method is-config="true" signature="setup(java.lang.String)[pri:0, instance:com.qa.guru99.runner.Runner@6bbe85a8]" started-at="2022-08-27T22:45:13Z" name="setup" finished-at="2022-08-27T22:45:19Z" duration-ms="5511" status="PASS">
          <params>
            <param index="0">
              <value>
                <![CDATA[Prod]]>
              </value>
            </param>
          </params>
          <reporter-output>
          </reporter-output>
        </test-method> <!-- setup -->
        <test-method is-config="true" signature="setUpClass()[pri:0, instance:com.qa.guru99.runner.Runner@6bbe85a8]" started-at="2022-08-27T22:45:19Z" name="setUpClass" finished-at="2022-08-27T22:45:20Z" duration-ms="714" status="PASS">
          <reporter-output>
          </reporter-output>
        </test-method> <!-- setUpClass -->
        <test-method signature="runScenario(io.cucumber.testng.PickleWrapper, io.cucumber.testng.FeatureWrapper)[pri:0, instance:com.qa.guru99.runner.Runner@6bbe85a8]" started-at="2022-08-27T22:45:20Z" name="runScenario" description="Runs Cucumber Scenarios" data-provider="scenarios" finished-at="2022-08-27T22:45:24Z" duration-ms="4803" status="PASS">
          <params>
            <param index="0">
              <value>
                <![CDATA["Verify login successfull with valid user"]]>
              </value>
            </param>
            <param index="1">
              <value>
                <![CDATA["Optional[Login test for guru 99 Application]"]]>
              </value>
            </param>
          </params>
          <reporter-output>
          </reporter-output>
        </test-method> <!-- runScenario -->
        <test-method is-config="true" signature="tearDownClass()[pri:0, instance:com.qa.guru99.runner.Runner@6bbe85a8]" started-at="2022-08-27T22:45:24Z" name="tearDownClass" finished-at="2022-08-27T22:45:25Z" duration-ms="442" status="PASS">
          <reporter-output>
          </reporter-output>
        </test-method> <!-- tearDownClass -->
        <test-method is-config="true" signature="Down()[pri:0, instance:com.qa.guru99.runner.Runner@6bbe85a8]" started-at="2022-08-27T22:45:25Z" name="Down" finished-at="2022-08-27T22:45:25Z" duration-ms="0" status="PASS">
          <reporter-output>
          </reporter-output>
        </test-method> <!-- Down -->
      </class> <!-- com.qa.guru99.runner.Runner -->
    </test> <!-- Test -->
  </suite> <!-- Suite -->
</testng-results>
